<?xml version="1.0" encoding="UTF-8"?>
<testng-results skipped="0" failed="0" ignored="6" total="7" passed="1">
  <reporter-output>
  </reporter-output>
  <suite name="Suits" duration-ms="11119" started-at="2018-06-06T10:37:38Z" finished-at="2018-06-06T10:37:49Z">
    <groups>
    </groups>
    <test name="GmailLogin" duration-ms="11119" started-at="2018-06-06T10:37:38Z" finished-at="2018-06-06T10:37:49Z">
      <class name="com.test.LoginPage">
        <test-method status="PASS" signature="setUp()[pri:0, instance:com.test.LoginPage@61832929]" name="setUp" is-config="true" duration-ms="5721" started-at="2018-06-06T16:07:38Z" finished-at="2018-06-06T16:07:44Z">
          <reporter-output>
          </reporter-output>
        </test-method> <!-- setUp -->
        <test-method status="PASS" signature="browserBack()[pri:7, instance:com.test.LoginPage@61832929]" name="browserBack" duration-ms="1233" started-at="2018-06-06T16:07:44Z" finished-at="2018-06-06T16:07:45Z">
          <reporter-output>
          </reporter-output>
        </test-method> <!-- browserBack -->
        <test-method status="PASS" signature="end()[pri:0, instance:com.test.LoginPage@61832929]" name="end" is-config="true" duration-ms="4145" started-at="2018-06-06T16:07:45Z" finished-at="2018-06-06T16:07:49Z">
          <reporter-output>
          </reporter-output>
        </test-method> <!-- end -->
      </class> <!-- com.test.LoginPage -->
    </test> <!-- GmailLogin -->
  </suite> <!-- Suits -->
</testng-results>
