<?xml version="1.0" encoding="UTF-8"?>
<!-- Generated by org.testng.reporters.JUnitXMLReporter -->
<testsuite hostname="WMS-PC" ignored="0" name="GmailInboxCount" tests="3" failures="0" timestamp="05 Jun 2018 07:33:06 GMT" time="88.762" errors="0">
  <testcase name="checkPrimaryTab" time="18.317" classname="com.test.InboxCount"/>
  <testcase name="VerifyinboxCountPresented" time="9.538" classname="com.test.InboxCount"/>
  <testcase name="getInboxCount" time="41.782" classname="com.test.InboxCount"/>
</testsuite> <!-- GmailInboxCount -->
