<?xml version="1.0" encoding="UTF-8"?>
<!-- Generated by org.testng.reporters.JUnitXMLReporter -->
<testsuite hostname="WMS-PC" ignored="6" name="GmailLogin" tests="1" failures="0" timestamp="06 Jun 2018 10:37:49 GMT" time="11.119" errors="0">
  <testcase name="browserBack" time="1.233" classname="com.test.LoginPage"/>
  <testcase name="clickWithBlankEmail" time="0.0" classname="com.test.LoginPage">
    <ignored/>
  </testcase> <!-- clickWithBlankEmail -->
  <testcase name="verifyPasswordPage" time="0.0" classname="com.test.LoginPage">
    <ignored/>
  </testcase> <!-- verifyPasswordPage -->
  <testcase name="checkEmailField" time="0.0" classname="com.test.LoginPage">
    <ignored/>
  </testcase> <!-- checkEmailField -->
  <testcase name="clickWithBlankPassword" time="0.0" classname="com.test.LoginPage">
    <ignored/>
  </testcase> <!-- clickWithBlankPassword -->
  <testcase name="validate" time="0.0" classname="com.test.LoginPage">
    <ignored/>
  </testcase> <!-- validate -->
  <testcase name="verifyGmailHome" time="0.0" classname="com.test.LoginPage">
    <ignored/>
  </testcase> <!-- verifyGmailHome -->
</testsuite> <!-- GmailLogin -->
