<?xml version="1.0" encoding="UTF-8"?>
<!-- Generated by org.testng.reporters.JUnitXMLReporter -->
<testsuite hostname="WMS-PC" ignored="6" name="SampleTest" tests="1" failures="0" timestamp="04 Jun 2018 17:15:19 GMT" time="29.607" errors="0">
  <testcase name="verifyGmailHome" time="16.404" classname="com.test.LoginPage"/>
  <testcase name="clickWithBlankEmail" time="0.0" classname="com.test.LoginPage">
    <ignored/>
  </testcase> <!-- clickWithBlankEmail -->
  <testcase name="browserBack" time="0.0" classname="com.test.LoginPage">
    <ignored/>
  </testcase> <!-- browserBack -->
  <testcase name="verifyPasswordPage" time="0.0" classname="com.test.LoginPage">
    <ignored/>
  </testcase> <!-- verifyPasswordPage -->
  <testcase name="checkEmailField" time="0.0" classname="com.test.LoginPage">
    <ignored/>
  </testcase> <!-- checkEmailField -->
  <testcase name="clickWithBlankPassword" time="0.0" classname="com.test.LoginPage">
    <ignored/>
  </testcase> <!-- clickWithBlankPassword -->
  <testcase name="validate" time="0.0" classname="com.test.LoginPage">
    <ignored/>
  </testcase> <!-- validate -->
</testsuite> <!-- SampleTest -->
